This file contains any messages produced by compilers while
running configure, to aid debugging if configure makes a mistake.

It was created by NADIA configure 0.0, which was
generated by GNU Autoconf 2.67.  Invocation command line was

  $ ./configure CXXFLAGS= -fPIC

## --------- ##
## Platform. ##
## --------- ##

hostname = HBYXQ02
uname -m = x86_64
uname -r = 2.6.32-431.17.1.el6.x86_64
uname -s = Linux
uname -v = #1 SMP Wed May 7 23:32:49 UTC 2014

/usr/bin/uname -p = unknown
/bin/uname -X     = unknown

/bin/arch              = x86_64
/usr/bin/arch -k       = unknown
/usr/convex/getsysinfo = unknown
/usr/bin/hostinfo      = unknown
/bin/machine           = unknown
/usr/bin/oslevel       = unknown
/bin/universe          = unknown

PATH: /usr/lib64/qt-3.3/bin
PATH: /usr/local/bin
PATH: /usr/bin
PATH: /bin
PATH: /usr/local/sbin
PATH: /usr/sbin
PATH: /sbin
PATH: /home/17526019/bin


## ----------- ##
## Core tests. ##
## ----------- ##

configure:2174: checking for g++
configure:2190: found /usr/bin/g++
configure:2201: result: g++
configure:2228: checking for C++ compiler version
configure:2237: g++ --version >&5
g++ (GCC) 4.4.7 20120313 (Red Hat 4.4.7-4)
Copyright (C) 2010 Free Software Foundation, Inc.
This is free software; see the source for copying conditions.  There is NO
warranty; not even for MERCHANTABILITY or FITNESS FOR A PARTICULAR PURPOSE.

configure:2248: $? = 0
configure:2237: g++ -v >&5
Using built-in specs.
Target: x86_64-redhat-linux
Configured with: ../configure --prefix=/usr --mandir=/usr/share/man --infodir=/usr/share/info --with-bugurl=http://bugzilla.redhat.com/bugzilla --enable-bootstrap --enable-shared --enable-threads=posix --enable-checking=release --with-system-zlib --enable-__cxa_atexit --disable-libunwind-exceptions --enable-gnu-unique-object --enable-languages=c,c++,objc,obj-c++,java,fortran,ada --enable-java-awt=gtk --disable-dssi --with-java-home=/usr/lib/jvm/java-1.5.0-gcj-1.5.0.0/jre --enable-libgcj-multifile --enable-java-maintainer-mode --with-ecj-jar=/usr/share/java/eclipse-ecj.jar --disable-libjava-multilib --with-ppl --with-cloog --with-tune=generic --with-arch_32=i686 --build=x86_64-redhat-linux
Thread model: posix
gcc version 4.4.7 20120313 (Red Hat 4.4.7-4) (GCC) 
configure:2248: $? = 0
configure:2237: g++ -V >&5
g++: '-V' option must have argument
configure:2248: $? = 1
configure:2237: g++ -qversion >&5
g++: unrecognized option '-qversion'
g++: no input files
configure:2248: $? = 1
configure:2268: checking whether the C++ compiler works
configure:2290: g++ -fPIC -O3 -ffast-math  -fPIC   conftest.cpp  >&5
configure:2294: $? = 0
configure:2342: result: yes
configure:2345: checking for C++ compiler default output file name
configure:2347: result: a.out
configure:2353: checking for suffix of executables
configure:2360: g++ -o conftest -fPIC -O3 -ffast-math  -fPIC   conftest.cpp  >&5
configure:2364: $? = 0
configure:2386: result: 
configure:2408: checking whether we are cross compiling
configure:2416: g++ -o conftest -fPIC -O3 -ffast-math  -fPIC   conftest.cpp  >&5
configure:2420: $? = 0
configure:2427: ./conftest
configure:2431: $? = 0
configure:2446: result: no
configure:2451: checking for suffix of object files
configure:2473: g++ -c -fPIC -O3 -ffast-math  -fPIC  conftest.cpp >&5
configure:2477: $? = 0
configure:2498: result: o
configure:2502: checking whether we are using the GNU C++ compiler
configure:2521: g++ -c -fPIC -O3 -ffast-math  -fPIC  conftest.cpp >&5
configure:2521: $? = 0
configure:2530: result: yes
configure:2539: checking whether g++ accepts -g
configure:2559: g++ -c -g  conftest.cpp >&5
configure:2559: $? = 0
configure:2600: result: yes
configure:2629: checking whether make sets $(MAKE)
configure:2651: result: yes
configure:2859: checking for main in -lstdc++
configure:2878: g++ -o conftest -fPIC -O3 -ffast-math  -fPIC   conftest.cpp -lstdc++   >&5
configure:2878: $? = 0
configure:2887: result: yes
configure:2913: checking how to run the C++ preprocessor
configure:2940: g++ -E  conftest.cpp
configure:2940: $? = 0
configure:2954: g++ -E  conftest.cpp
conftest.cpp:10:28: error: ac_nonexistent.h: No such file or directory
configure:2954: $? = 1
configure: failed program was:
| /* confdefs.h */
| #define PACKAGE_NAME "NADIA"
| #define PACKAGE_TARNAME "NADIA"
| #define PACKAGE_VERSION "0.5"
| #define PACKAGE_STRING "NADIA 0.5"
| #define PACKAGE_BUGREPORT "T D Julius <tdjulius@unimelb.edu.au>"
| #define PACKAGE_URL ""
| #define HAVE_LIBSTDC__ 1
| /* end confdefs.h.  */
| #include <ac_nonexistent.h>
configure:2979: result: g++ -E
configure:2999: g++ -E  conftest.cpp
configure:2999: $? = 0
configure:3013: g++ -E  conftest.cpp
conftest.cpp:10:28: error: ac_nonexistent.h: No such file or directory
configure:3013: $? = 1
configure: failed program was:
| /* confdefs.h */
| #define PACKAGE_NAME "NADIA"
| #define PACKAGE_TARNAME "NADIA"
| #define PACKAGE_VERSION "0.5"
| #define PACKAGE_STRING "NADIA 0.5"
| #define PACKAGE_BUGREPORT "T D Julius <tdjulius@unimelb.edu.au>"
| #define PACKAGE_URL ""
| #define HAVE_LIBSTDC__ 1
| /* end confdefs.h.  */
| #include <ac_nonexistent.h>
configure:3042: checking for grep that handles long lines and -e
configure:3100: result: /bin/grep
configure:3105: checking for egrep
configure:3167: result: /bin/grep -E
configure:3172: checking for ANSI C header files
configure:3192: g++ -c -fPIC -O3 -ffast-math  -fPIC  conftest.cpp >&5
configure:3192: $? = 0
configure:3265: g++ -o conftest -fPIC -O3 -ffast-math  -fPIC   conftest.cpp -lstdc++  >&5
configure:3265: $? = 0
configure:3265: ./conftest
configure:3265: $? = 0
configure:3276: result: yes
configure:3289: checking for sys/types.h
configure:3289: g++ -c -fPIC -O3 -ffast-math  -fPIC  conftest.cpp >&5
configure:3289: $? = 0
configure:3289: result: yes
configure:3289: checking for sys/stat.h
configure:3289: g++ -c -fPIC -O3 -ffast-math  -fPIC  conftest.cpp >&5
configure:3289: $? = 0
configure:3289: result: yes
configure:3289: checking for stdlib.h
configure:3289: g++ -c -fPIC -O3 -ffast-math  -fPIC  conftest.cpp >&5
configure:3289: $? = 0
configure:3289: result: yes
configure:3289: checking for string.h
configure:3289: g++ -c -fPIC -O3 -ffast-math  -fPIC  conftest.cpp >&5
configure:3289: $? = 0
configure:3289: result: yes
configure:3289: checking for memory.h
configure:3289: g++ -c -fPIC -O3 -ffast-math  -fPIC  conftest.cpp >&5
configure:3289: $? = 0
configure:3289: result: yes
configure:3289: checking for strings.h
configure:3289: g++ -c -fPIC -O3 -ffast-math  -fPIC  conftest.cpp >&5
configure:3289: $? = 0
configure:3289: result: yes
configure:3289: checking for inttypes.h
configure:3289: g++ -c -fPIC -O3 -ffast-math  -fPIC  conftest.cpp >&5
configure:3289: $? = 0
configure:3289: result: yes
configure:3289: checking for stdint.h
configure:3289: g++ -c -fPIC -O3 -ffast-math  -fPIC  conftest.cpp >&5
configure:3289: $? = 0
configure:3289: result: yes
configure:3289: checking for unistd.h
configure:3289: g++ -c -fPIC -O3 -ffast-math  -fPIC  conftest.cpp >&5
configure:3289: $? = 0
configure:3289: result: yes
configure:3301: checking fftw3.h usability
configure:3301: g++ -c -fPIC -O3 -ffast-math  -fPIC  conftest.cpp >&5
configure:3301: $? = 0
configure:3301: result: yes
configure:3301: checking fftw3.h presence
configure:3301: g++ -E  conftest.cpp
configure:3301: $? = 0
configure:3301: result: yes
configure:3301: checking for fftw3.h
configure:3301: result: yes
configure:3317: checking for fftwf_plan_dft_2d in -lfftw3f
configure:3342: g++ -o conftest -fPIC -O3 -ffast-math  -fPIC   conftest.cpp -lfftw3f  -lstdc++  >&5
configure:3342: $? = 0
configure:3352: result: yes
configure:3372: checking for main in -lm
configure:3391: g++ -o conftest -fPIC -O3 -ffast-math  -fPIC   conftest.cpp -lm  -lfftw3f -lstdc++  >&5
configure:3391: $? = 0
configure:3400: result: yes
configure:3417: checking mfhdf.h usability
configure:3417: g++ -c -fPIC -O3 -ffast-math  -fPIC  conftest.cpp >&5
configure:3417: $? = 0
configure:3417: result: yes
configure:3417: checking mfhdf.h presence
configure:3417: g++ -E  conftest.cpp
configure:3417: $? = 0
configure:3417: result: yes
configure:3417: checking for mfhdf.h
configure:3417: result: yes
configure:3429: checking hdf/mfhdf.h usability
configure:3429: g++ -c -fPIC -O3 -ffast-math  -fPIC  conftest.cpp >&5
conftest.cpp:56:23: error: hdf/mfhdf.h: No such file or directory
configure:3429: $? = 1
configure: failed program was:
| /* confdefs.h */
| #define PACKAGE_NAME "NADIA"
| #define PACKAGE_TARNAME "NADIA"
| #define PACKAGE_VERSION "0.5"
| #define PACKAGE_STRING "NADIA 0.5"
| #define PACKAGE_BUGREPORT "T D Julius <tdjulius@unimelb.edu.au>"
| #define PACKAGE_URL ""
| #define HAVE_LIBSTDC__ 1
| #define STDC_HEADERS 1
| #define HAVE_SYS_TYPES_H 1
| #define HAVE_SYS_STAT_H 1
| #define HAVE_STDLIB_H 1
| #define HAVE_STRING_H 1
| #define HAVE_MEMORY_H 1
| #define HAVE_STRINGS_H 1
| #define HAVE_INTTYPES_H 1
| #define HAVE_STDINT_H 1
| #define HAVE_UNISTD_H 1
| #define HAVE_LIBFFTW3F 1
| #define HAVE_LIBM 1
| #define HAVE_MFHDF_H 1
| /* end confdefs.h.  */
| #include <stdio.h>
| #ifdef HAVE_SYS_TYPES_H
| # include <sys/types.h>
| #endif
| #ifdef HAVE_SYS_STAT_H
| # include <sys/stat.h>
| #endif
| #ifdef STDC_HEADERS
| # include <stdlib.h>
| # include <stddef.h>
| #else
| # ifdef HAVE_STDLIB_H
| #  include <stdlib.h>
| # endif
| #endif
| #ifdef HAVE_STRING_H
| # if !defined STDC_HEADERS && defined HAVE_MEMORY_H
| #  include <memory.h>
| # endif
| # include <string.h>
| #endif
| #ifdef HAVE_STRINGS_H
| # include <strings.h>
| #endif
| #ifdef HAVE_INTTYPES_H
| # include <inttypes.h>
| #endif
| #ifdef HAVE_STDINT_H
| # include <stdint.h>
| #endif
| #ifdef HAVE_UNISTD_H
| # include <unistd.h>
| #endif
| #include <hdf/mfhdf.h>
configure:3429: result: no
configure:3429: checking hdf/mfhdf.h presence
configure:3429: g++ -E  conftest.cpp
conftest.cpp:23:23: error: hdf/mfhdf.h: No such file or directory
configure:3429: $? = 1
configure: failed program was:
| /* confdefs.h */
| #define PACKAGE_NAME "NADIA"
| #define PACKAGE_TARNAME "NADIA"
| #define PACKAGE_VERSION "0.5"
| #define PACKAGE_STRING "NADIA 0.5"
| #define PACKAGE_BUGREPORT "T D Julius <tdjulius@unimelb.edu.au>"
| #define PACKAGE_URL ""
| #define HAVE_LIBSTDC__ 1
| #define STDC_HEADERS 1
| #define HAVE_SYS_TYPES_H 1
| #define HAVE_SYS_STAT_H 1
| #define HAVE_STDLIB_H 1
| #define HAVE_STRING_H 1
| #define HAVE_MEMORY_H 1
| #define HAVE_STRINGS_H 1
| #define HAVE_INTTYPES_H 1
| #define HAVE_STDINT_H 1
| #define HAVE_UNISTD_H 1
| #define HAVE_LIBFFTW3F 1
| #define HAVE_LIBM 1
| #define HAVE_MFHDF_H 1
| /* end confdefs.h.  */
| #include <hdf/mfhdf.h>
configure:3429: result: no
configure:3429: checking for hdf/mfhdf.h
configure:3429: result: no
configure:3456: checking for main in -ljpeg
configure:3475: g++ -o conftest -fPIC -O3 -ffast-math  -fPIC   conftest.cpp -ljpeg  -lm -lfftw3f -lstdc++  >&5
configure:3475: $? = 0
configure:3484: result: yes
configure:3495: checking for main in -lz
configure:3514: g++ -o conftest -fPIC -O3 -ffast-math  -fPIC   conftest.cpp -lz  -ljpeg -lm -lfftw3f -lstdc++  >&5
configure:3514: $? = 0
configure:3523: result: yes
configure:3534: checking for main in -lsz
configure:3553: g++ -o conftest -fPIC -O3 -ffast-math  -fPIC   conftest.cpp -lsz  -lz -ljpeg -lm -lfftw3f -lstdc++  >&5
/usr/bin/ld: cannot find -lsz
collect2: ld returned 1 exit status
configure:3553: $? = 1
configure: failed program was:
| /* confdefs.h */
| #define PACKAGE_NAME "NADIA"
| #define PACKAGE_TARNAME "NADIA"
| #define PACKAGE_VERSION "0.5"
| #define PACKAGE_STRING "NADIA 0.5"
| #define PACKAGE_BUGREPORT "T D Julius <tdjulius@unimelb.edu.au>"
| #define PACKAGE_URL ""
| #define HAVE_LIBSTDC__ 1
| #define STDC_HEADERS 1
| #define HAVE_SYS_TYPES_H 1
| #define HAVE_SYS_STAT_H 1
| #define HAVE_STDLIB_H 1
| #define HAVE_STRING_H 1
| #define HAVE_MEMORY_H 1
| #define HAVE_STRINGS_H 1
| #define HAVE_INTTYPES_H 1
| #define HAVE_STDINT_H 1
| #define HAVE_UNISTD_H 1
| #define HAVE_LIBFFTW3F 1
| #define HAVE_LIBM 1
| #define HAVE_MFHDF_H 1
| #define HAVE_LIBJPEG 1
| #define HAVE_LIBZ 1
| /* end confdefs.h.  */
| 
| 
| int
| main ()
| {
| return main ();
|   ;
|   return 0;
| }
configure:3562: result: no
configure:3573: checking for main in -llapack
configure:3591: g++ -o conftest -fPIC -O3 -ffast-math  -fPIC   conftest.cpp -llapack  -lz -ljpeg -lm -lfftw3f -lstdc++  >&5
configure:3591: $? = 0
configure:3601: result: yes
configure:3618: checking for main in -ldf
configure:3637: g++ -o conftest -fPIC -O3 -ffast-math  -fPIC   conftest.cpp -ldf  -llapack -lz -ljpeg -lm -lfftw3f -lstdc++  >&5
configure:3637: $? = 0
configure:3646: result: yes
configure:3660: checking for SDreaddata in -lmfhdf
configure:3685: g++ -o conftest -fPIC -O3 -ffast-math  -fPIC   conftest.cpp -lmfhdf  -ldf -llapack -lz -ljpeg -lm -lfftw3f -lstdc++  >&5
configure:3685: $? = 0
configure:3694: result: yes
configure:3838: checking for TIFFOpen in -ltiff
configure:3863: g++ -o conftest -fPIC -O3 -ffast-math  -fPIC   conftest.cpp -ltiff  -lmfhdf -ldf -llapack -lz -ljpeg -lm -lfftw3f -lstdc++  >&5
configure:3863: $? = 0
configure:3872: result: yes
configure:3892: checking tiffio.h usability
configure:3892: g++ -c -fPIC -O3 -ffast-math  -fPIC  conftest.cpp >&5
configure:3892: $? = 0
configure:3892: result: yes
configure:3892: checking tiffio.h presence
configure:3892: g++ -E  conftest.cpp
configure:3892: $? = 0
configure:3892: result: yes
configure:3892: checking for tiffio.h
configure:3892: result: yes
configure:3916: checking for pow
configure:3916: g++ -o conftest -fPIC -O3 -ffast-math  -fPIC   conftest.cpp -ltiff -lmfhdf -ldf -llapack -lz -ljpeg -lm -lfftw3f -lstdc++  >&5
configure:3916: $? = 0
configure:3916: result: yes
configure:3916: checking for sqrt
configure:3916: g++ -o conftest -fPIC -O3 -ffast-math  -fPIC   conftest.cpp -ltiff -lmfhdf -ldf -llapack -lz -ljpeg -lm -lfftw3f -lstdc++  >&5
configure:3916: $? = 0
configure:3916: result: yes
configure:4073: creating ./config.status

## ---------------------- ##
## Running config.status. ##
## ---------------------- ##

This file was extended by NADIA config.status 0.0, which was
generated by GNU Autoconf 2.67.  Invocation command line was

  CONFIG_FILES    = 
  CONFIG_HEADERS  = 
  CONFIG_LINKS    = 
  CONFIG_COMMANDS = 
  $ ./config.status 

on HBYXQ02

config.status:741: creating Makefile
config.status:741: creating examples/Makefile
config.status:741: creating src/Makefile
config.status:741: creating tools/Makefile
config.status:741: creating interfaces/idl/Makefile

## ---------------- ##
## Cache variables. ##
## ---------------- ##

ac_cv_cxx_compiler_gnu=yes
ac_cv_env_CCC_set=
ac_cv_env_CCC_value=
ac_cv_env_CPPFLAGS_set=
ac_cv_env_CPPFLAGS_value=
ac_cv_env_CXXCPP_set=
ac_cv_env_CXXCPP_value=
ac_cv_env_CXXFLAGS_set=set
ac_cv_env_CXXFLAGS_value=' -fPIC'
ac_cv_env_CXX_set=
ac_cv_env_CXX_value=
ac_cv_env_LDFLAGS_set=
ac_cv_env_LDFLAGS_value=
ac_cv_env_LIBS_set=
ac_cv_env_LIBS_value=
ac_cv_env_build_alias_set=
ac_cv_env_build_alias_value=
ac_cv_env_host_alias_set=
ac_cv_env_host_alias_value=
ac_cv_env_target_alias_set=
ac_cv_env_target_alias_value=
ac_cv_func_pow=yes
ac_cv_func_sqrt=yes
ac_cv_header_fftw3_h=yes
ac_cv_header_hdf_mfhdf_h=no
ac_cv_header_inttypes_h=yes
ac_cv_header_memory_h=yes
ac_cv_header_mfhdf_h=yes
ac_cv_header_stdc=yes
ac_cv_header_stdint_h=yes
ac_cv_header_stdlib_h=yes
ac_cv_header_string_h=yes
ac_cv_header_strings_h=yes
ac_cv_header_sys_stat_h=yes
ac_cv_header_sys_types_h=yes
ac_cv_header_tiffio_h=yes
ac_cv_header_unistd_h=yes
ac_cv_lib_df_main=yes
ac_cv_lib_fftw3f___fftwf_plan_dft_2d=yes
ac_cv_lib_jpeg_main=yes
ac_cv_lib_lapack_main=yes
ac_cv_lib_m_main=yes
ac_cv_lib_mfhdf_SDreaddata=yes
ac_cv_lib_stdcpp_main=yes
ac_cv_lib_sz_main=no
ac_cv_lib_tiff_TIFFOpen=yes
ac_cv_lib_z_main=yes
ac_cv_objext=o
ac_cv_path_EGREP='/bin/grep -E'
ac_cv_path_GREP=/bin/grep
ac_cv_prog_CXXCPP='g++ -E'
ac_cv_prog_ac_ct_CXX=g++
ac_cv_prog_cxx_g=yes
ac_cv_prog_make_make_set=yes

## ----------------- ##
## Output variables. ##
## ----------------- ##

BASE='/home/17526019/Work/NCDI/PDCODE/NADIA_A'
CPPFLAGS=''
CXX='g++'
CXXCPP='g++ -E'
CXXFLAGS='-fPIC -O3 -ffast-math  -fPIC'
DEFS='-DPACKAGE_NAME=\"NADIA\" -DPACKAGE_TARNAME=\"NADIA\" -DPACKAGE_VERSION=\"0.5\" -DPACKAGE_STRING=\"NADIA\ 0.5\" -DPACKAGE_BUGREPORT=\"T\ D\ Julius\ \<tdjulius@unimelb.edu.au\>\" -DPACKAGE_URL=\"\" -DHAVE_LIBSTDC__=1 -DSTDC_HEADERS=1 -DHAVE_SYS_TYPES_H=1 -DHAVE_SYS_STAT_H=1 -DHAVE_STDLIB_H=1 -DHAVE_STRING_H=1 -DHAVE_MEMORY_H=1 -DHAVE_STRINGS_H=1 -DHAVE_INTTYPES_H=1 -DHAVE_STDINT_H=1 -DHAVE_UNISTD_H=1 -DHAVE_LIBFFTW3F=1 -DHAVE_LIBM=1 -DHAVE_MFHDF_H=1 -DHAVE_LIBJPEG=1 -DHAVE_LIBZ=1 -DHAVE_LIBlapack=1 -DHAVE_LIBDF=1 -DHAVE_LIBMFHDF=1 -DHAVE_LIBTIFF=1 -DHAVE_POW=1 -DHAVE_SQRT=1'
ECHO_C=''
ECHO_N='-n'
ECHO_T=''
EGREP='/bin/grep -E'
EXEEXT=''
GREP='/bin/grep'
LDFLAGS=''
LD_RUN_PATH=''
LIBOBJS=''
LIBS='-ltiff -lmfhdf -ldf -llapack -lz -ljpeg -lm -lfftw3f -lstdc++ '
LTLIBOBJS=''
OBJEXT='o'
PACKAGE_BUGREPORT='T D Julius <tdjulius@unimelb.edu.au>'
PACKAGE_NAME='NADIA'
PACKAGE_STRING='NADIA 0.5'
PACKAGE_TARNAME='NADIA'
PACKAGE_URL=''
PACKAGE_VERSION='0.5'
PATH_SEPARATOR=':'
SET_MAKE=''
SHELL='/bin/sh'
ac_ct_CXX='g++'
bindir='${exec_prefix}/bin'
build_alias=''
datadir='${datarootdir}'
datarootdir='${prefix}/share'
do_idl='DO_IDL=TRUE'
docdir='${datarootdir}/doc/${PACKAGE_TARNAME}'
dvidir='${docdir}'
exec_prefix='${prefix}'
host_alias=''
htmldir='${docdir}'
includedir='${prefix}/include'
infodir='${datarootdir}/info'
libdir='${exec_prefix}/lib'
libexecdir='${exec_prefix}/libexec'
localedir='${datarootdir}/locale'
localstatedir='${prefix}/var'
mandir='${datarootdir}/man'
oldincludedir='/usr/include'
pdfdir='${docdir}'
prefix='/usr/local'
program_transform_name='s,x,x,'
psdir='${docdir}'
sbindir='${exec_prefix}/sbin'
sharedstatedir='${prefix}/com'
sysconfdir='${prefix}/etc'
target_alias=''

## ----------- ##
## confdefs.h. ##
## ----------- ##

/* confdefs.h */
#define PACKAGE_NAME "NADIA"
#define PACKAGE_TARNAME "NADIA"
#define PACKAGE_VERSION "0.5"
#define PACKAGE_STRING "NADIA 0.5"
#define PACKAGE_BUGREPORT "T D Julius <tdjulius@unimelb.edu.au>"
#define PACKAGE_URL ""
#define HAVE_LIBSTDC__ 1
#define STDC_HEADERS 1
#define HAVE_SYS_TYPES_H 1
#define HAVE_SYS_STAT_H 1
#define HAVE_STDLIB_H 1
#define HAVE_STRING_H 1
#define HAVE_MEMORY_H 1
#define HAVE_STRINGS_H 1
#define HAVE_INTTYPES_H 1
#define HAVE_STDINT_H 1
#define HAVE_UNISTD_H 1
#define HAVE_LIBFFTW3F 1
#define HAVE_LIBM 1
#define HAVE_MFHDF_H 1
#define HAVE_LIBJPEG 1
#define HAVE_LIBZ 1
    #define HAVE_LIBlapack 1
#define HAVE_LIBDF 1
#define HAVE_LIBMFHDF 1
#define HAVE_LIBTIFF 1
#define HAVE_POW 1
#define HAVE_SQRT 1

configure: exit 0
