This file contains any messages produced by compilers while
running configure, to aid debugging if configure makes a mistake.

It was created by CXS_Software configure 0.0, which was
generated by GNU Autoconf 2.65.  Invocation command line was

  $ ./configure CXXFLAGS= -fPIC

## --------- ##
## Platform. ##
## --------- ##

hostname = hp
uname -m = x86_64
uname -r = 3.5.0-24-generic
uname -s = Linux
uname -v = #37~precise1-Ubuntu SMP Thu Feb 7 22:09:59 UTC 2013

/usr/bin/uname -p = unknown
/bin/uname -X     = unknown

/bin/arch              = unknown
/usr/bin/arch -k       = unknown
/usr/convex/getsysinfo = unknown
/usr/bin/hostinfo      = unknown
/bin/machine           = unknown
/usr/bin/oslevel       = unknown
/bin/universe          = unknown

PATH: /usr/lib/lightdm/lightdm
PATH: /usr/local/sbin
PATH: /usr/local/bin
PATH: /usr/sbin
PATH: /usr/bin
PATH: /sbin
PATH: /bin
PATH: /usr/games


## ----------- ##
## Core tests. ##
## ----------- ##

configure:2163: checking for g++
configure:2179: found /usr/bin/g++
configure:2190: result: g++
configure:2217: checking for C++ compiler version
configure:2226: g++ --version >&5
g++ (Ubuntu/Linaro 4.6.3-1ubuntu5) 4.6.3
Copyright (C) 2011 Free Software Foundation, Inc.
This is free software; see the source for copying conditions.  There is NO
warranty; not even for MERCHANTABILITY or FITNESS FOR A PARTICULAR PURPOSE.

configure:2237: $? = 0
configure:2226: g++ -v >&5
Using built-in specs.
COLLECT_GCC=g++
COLLECT_LTO_WRAPPER=/usr/lib/gcc/x86_64-linux-gnu/4.6/lto-wrapper
Target: x86_64-linux-gnu
Configured with: ../src/configure -v --with-pkgversion='Ubuntu/Linaro 4.6.3-1ubuntu5' --with-bugurl=file:///usr/share/doc/gcc-4.6/README.Bugs --enable-languages=c,c++,fortran,objc,obj-c++ --prefix=/usr --program-suffix=-4.6 --enable-shared --enable-linker-build-id --with-system-zlib --libexecdir=/usr/lib --without-included-gettext --enable-threads=posix --with-gxx-include-dir=/usr/include/c++/4.6 --libdir=/usr/lib --enable-nls --with-sysroot=/ --enable-clocale=gnu --enable-libstdcxx-debug --enable-libstdcxx-time=yes --enable-gnu-unique-object --enable-plugin --enable-objc-gc --disable-werror --with-arch-32=i686 --with-tune=generic --enable-checking=release --build=x86_64-linux-gnu --host=x86_64-linux-gnu --target=x86_64-linux-gnu
Thread model: posix
gcc version 4.6.3 (Ubuntu/Linaro 4.6.3-1ubuntu5) 
configure:2237: $? = 0
configure:2226: g++ -V >&5
g++: error: unrecognized option '-V'
g++: fatal error: no input files
compilation terminated.
configure:2237: $? = 4
configure:2226: g++ -qversion >&5
g++: error: unrecognized option '-qversion'
g++: fatal error: no input files
compilation terminated.
configure:2237: $? = 4
configure:2257: checking whether the C++ compiler works
configure:2279: g++ -O3  -fPIC   conftest.cpp  >&5
configure:2283: $? = 0
configure:2332: result: yes
configure:2335: checking for C++ compiler default output file name
configure:2337: result: a.out
configure:2343: checking for suffix of executables
configure:2350: g++ -o conftest -O3  -fPIC   conftest.cpp  >&5
configure:2354: $? = 0
configure:2376: result: 
configure:2398: checking whether we are cross compiling
configure:2406: g++ -o conftest -O3  -fPIC   conftest.cpp  >&5
configure:2410: $? = 0
configure:2417: ./conftest
configure:2421: $? = 0
configure:2436: result: no
configure:2441: checking for suffix of object files
configure:2463: g++ -c -O3  -fPIC  conftest.cpp >&5
configure:2467: $? = 0
configure:2488: result: o
configure:2492: checking whether we are using the GNU C++ compiler
configure:2511: g++ -c -O3  -fPIC  conftest.cpp >&5
configure:2511: $? = 0
configure:2520: result: yes
configure:2529: checking whether g++ accepts -g
configure:2549: g++ -c -g  conftest.cpp >&5
configure:2549: $? = 0
configure:2590: result: yes
configure:2619: checking whether make sets $(MAKE)
configure:2641: result: yes
configure:2821: checking for main in -lstdc++
configure:2840: g++ -o conftest -O3  -fPIC   conftest.cpp -lstdc++   >&5
configure:2840: $? = 0
configure:2849: result: yes
configure:2875: checking how to run the C++ preprocessor
configure:2902: g++ -E  conftest.cpp
configure:2902: $? = 0
configure:2916: g++ -E  conftest.cpp
conftest.cpp:10:28: fatal error: ac_nonexistent.h: No such file or directory
compilation terminated.
configure:2916: $? = 1
configure: failed program was:
| /* confdefs.h */
| #define PACKAGE_NAME "CXS_Software"
| #define PACKAGE_TARNAME "cxs_software"
| #define PACKAGE_VERSION "0.0"
| #define PACKAGE_STRING "CXS_Software 0.0"
| #define PACKAGE_BUGREPORT "Nadia Davidson <nadiamd@unimelb.edu.au>"
| #define PACKAGE_URL ""
| #define HAVE_LIBSTDC__ 1
| /* end confdefs.h.  */
| #include <ac_nonexistent.h>
configure:2941: result: g++ -E
configure:2961: g++ -E  conftest.cpp
configure:2961: $? = 0
configure:2975: g++ -E  conftest.cpp
conftest.cpp:10:28: fatal error: ac_nonexistent.h: No such file or directory
compilation terminated.
configure:2975: $? = 1
configure: failed program was:
| /* confdefs.h */
| #define PACKAGE_NAME "CXS_Software"
| #define PACKAGE_TARNAME "cxs_software"
| #define PACKAGE_VERSION "0.0"
| #define PACKAGE_STRING "CXS_Software 0.0"
| #define PACKAGE_BUGREPORT "Nadia Davidson <nadiamd@unimelb.edu.au>"
| #define PACKAGE_URL ""
| #define HAVE_LIBSTDC__ 1
| /* end confdefs.h.  */
| #include <ac_nonexistent.h>
configure:3004: checking for grep that handles long lines and -e
configure:3062: result: /bin/grep
configure:3067: checking for egrep
configure:3129: result: /bin/grep -E
configure:3134: checking for ANSI C header files
configure:3154: g++ -c -O3  -fPIC  conftest.cpp >&5
configure:3154: $? = 0
configure:3227: g++ -o conftest -O3  -fPIC   conftest.cpp -lstdc++  >&5
configure:3227: $? = 0
configure:3227: ./conftest
configure:3227: $? = 0
configure:3238: result: yes
configure:3251: checking for sys/types.h
configure:3251: g++ -c -O3  -fPIC  conftest.cpp >&5
configure:3251: $? = 0
configure:3251: result: yes
configure:3251: checking for sys/stat.h
configure:3251: g++ -c -O3  -fPIC  conftest.cpp >&5
configure:3251: $? = 0
configure:3251: result: yes
configure:3251: checking for stdlib.h
configure:3251: g++ -c -O3  -fPIC  conftest.cpp >&5
configure:3251: $? = 0
configure:3251: result: yes
configure:3251: checking for string.h
configure:3251: g++ -c -O3  -fPIC  conftest.cpp >&5
configure:3251: $? = 0
configure:3251: result: yes
configure:3251: checking for memory.h
configure:3251: g++ -c -O3  -fPIC  conftest.cpp >&5
configure:3251: $? = 0
configure:3251: result: yes
configure:3251: checking for strings.h
configure:3251: g++ -c -O3  -fPIC  conftest.cpp >&5
configure:3251: $? = 0
configure:3251: result: yes
configure:3251: checking for inttypes.h
configure:3251: g++ -c -O3  -fPIC  conftest.cpp >&5
configure:3251: $? = 0
configure:3251: result: yes
configure:3251: checking for stdint.h
configure:3251: g++ -c -O3  -fPIC  conftest.cpp >&5
configure:3251: $? = 0
configure:3251: result: yes
configure:3251: checking for unistd.h
configure:3251: g++ -c -O3  -fPIC  conftest.cpp >&5
configure:3251: $? = 0
configure:3251: result: yes
configure:3264: checking fftw3.h usability
configure:3264: g++ -c -O3  -fPIC  conftest.cpp >&5
configure:3264: $? = 0
configure:3264: result: yes
configure:3264: checking fftw3.h presence
configure:3264: g++ -E  conftest.cpp
configure:3264: $? = 0
configure:3264: result: yes
configure:3264: checking for fftw3.h
configure:3264: result: yes
configure:3279: checking for fftw_plan_dft_2d in -lfftw3
configure:3304: g++ -o conftest -O3  -fPIC   conftest.cpp -lfftw3  -lstdc++  >&5
configure:3304: $? = 0
configure:3313: result: yes
configure:3333: checking for main in -lm
configure:3352: g++ -o conftest -O3  -fPIC   conftest.cpp -lm  -lfftw3 -lstdc++  >&5
configure:3352: $? = 0
configure:3361: result: yes
configure:3378: checking mfhdf.h usability
configure:3378: g++ -c -O3  -fPIC  conftest.cpp >&5
conftest.cpp:55:19: fatal error: mfhdf.h: No such file or directory
compilation terminated.
configure:3378: $? = 1
configure: failed program was:
| /* confdefs.h */
| #define PACKAGE_NAME "CXS_Software"
| #define PACKAGE_TARNAME "cxs_software"
| #define PACKAGE_VERSION "0.0"
| #define PACKAGE_STRING "CXS_Software 0.0"
| #define PACKAGE_BUGREPORT "Nadia Davidson <nadiamd@unimelb.edu.au>"
| #define PACKAGE_URL ""
| #define HAVE_LIBSTDC__ 1
| #define STDC_HEADERS 1
| #define HAVE_SYS_TYPES_H 1
| #define HAVE_SYS_STAT_H 1
| #define HAVE_STDLIB_H 1
| #define HAVE_STRING_H 1
| #define HAVE_MEMORY_H 1
| #define HAVE_STRINGS_H 1
| #define HAVE_INTTYPES_H 1
| #define HAVE_STDINT_H 1
| #define HAVE_UNISTD_H 1
| #define HAVE_LIBFFTW3 1
| #define HAVE_LIBM 1
| /* end confdefs.h.  */
| #include <stdio.h>
| #ifdef HAVE_SYS_TYPES_H
| # include <sys/types.h>
| #endif
| #ifdef HAVE_SYS_STAT_H
| # include <sys/stat.h>
| #endif
| #ifdef STDC_HEADERS
| # include <stdlib.h>
| # include <stddef.h>
| #else
| # ifdef HAVE_STDLIB_H
| #  include <stdlib.h>
| # endif
| #endif
| #ifdef HAVE_STRING_H
| # if !defined STDC_HEADERS && defined HAVE_MEMORY_H
| #  include <memory.h>
| # endif
| # include <string.h>
| #endif
| #ifdef HAVE_STRINGS_H
| # include <strings.h>
| #endif
| #ifdef HAVE_INTTYPES_H
| # include <inttypes.h>
| #endif
| #ifdef HAVE_STDINT_H
| # include <stdint.h>
| #endif
| #ifdef HAVE_UNISTD_H
| # include <unistd.h>
| #endif
| #include <mfhdf.h>
configure:3378: result: no
configure:3378: checking mfhdf.h presence
configure:3378: g++ -E  conftest.cpp
conftest.cpp:22:19: fatal error: mfhdf.h: No such file or directory
compilation terminated.
configure:3378: $? = 1
configure: failed program was:
| /* confdefs.h */
| #define PACKAGE_NAME "CXS_Software"
| #define PACKAGE_TARNAME "cxs_software"
| #define PACKAGE_VERSION "0.0"
| #define PACKAGE_STRING "CXS_Software 0.0"
| #define PACKAGE_BUGREPORT "Nadia Davidson <nadiamd@unimelb.edu.au>"
| #define PACKAGE_URL ""
| #define HAVE_LIBSTDC__ 1
| #define STDC_HEADERS 1
| #define HAVE_SYS_TYPES_H 1
| #define HAVE_SYS_STAT_H 1
| #define HAVE_STDLIB_H 1
| #define HAVE_STRING_H 1
| #define HAVE_MEMORY_H 1
| #define HAVE_STRINGS_H 1
| #define HAVE_INTTYPES_H 1
| #define HAVE_STDINT_H 1
| #define HAVE_UNISTD_H 1
| #define HAVE_LIBFFTW3 1
| #define HAVE_LIBM 1
| /* end confdefs.h.  */
| #include <mfhdf.h>
configure:3378: result: no
configure:3378: checking for mfhdf.h
configure:3378: result: no
configure:3378: checking hdf/mfhdf.h usability
configure:3378: g++ -c -O3  -fPIC  conftest.cpp >&5
configure:3378: $? = 0
configure:3378: result: yes
configure:3378: checking hdf/mfhdf.h presence
configure:3378: g++ -E  conftest.cpp
configure:3378: $? = 0
configure:3378: result: yes
configure:3378: checking for hdf/mfhdf.h
configure:3378: result: yes
configure:3398: checking for main in -ljpeg
configure:3417: g++ -o conftest -O3  -fPIC   conftest.cpp -ljpeg  -lm -lfftw3 -lstdc++  >&5
configure:3417: $? = 0
configure:3426: result: yes
configure:3437: checking for main in -lz
configure:3456: g++ -o conftest -O3  -fPIC   conftest.cpp -lz  -ljpeg -lm -lfftw3 -lstdc++  >&5
configure:3456: $? = 0
configure:3465: result: yes
configure:3476: checking for main in -lsz
configure:3495: g++ -o conftest -O3  -fPIC   conftest.cpp -lsz  -lz -ljpeg -lm -lfftw3 -lstdc++  >&5
/usr/bin/ld: cannot find -lsz
collect2: ld returned 1 exit status
configure:3495: $? = 1
configure: failed program was:
| /* confdefs.h */
| #define PACKAGE_NAME "CXS_Software"
| #define PACKAGE_TARNAME "cxs_software"
| #define PACKAGE_VERSION "0.0"
| #define PACKAGE_STRING "CXS_Software 0.0"
| #define PACKAGE_BUGREPORT "Nadia Davidson <nadiamd@unimelb.edu.au>"
| #define PACKAGE_URL ""
| #define HAVE_LIBSTDC__ 1
| #define STDC_HEADERS 1
| #define HAVE_SYS_TYPES_H 1
| #define HAVE_SYS_STAT_H 1
| #define HAVE_STDLIB_H 1
| #define HAVE_STRING_H 1
| #define HAVE_MEMORY_H 1
| #define HAVE_STRINGS_H 1
| #define HAVE_INTTYPES_H 1
| #define HAVE_STDINT_H 1
| #define HAVE_UNISTD_H 1
| #define HAVE_LIBFFTW3 1
| #define HAVE_LIBM 1
| #define HAVE_HDF_MFHDF_H 1
| #define HAVE_LIBJPEG 1
| #define HAVE_LIBZ 1
| /* end confdefs.h.  */
| 
| 
| int
| main ()
| {
| return main ();
|   ;
|   return 0;
| }
configure:3504: result: no
configure:3515: checking for main in -ldf
configure:3534: g++ -o conftest -O3  -fPIC   conftest.cpp -ldf  -lz -ljpeg -lm -lfftw3 -lstdc++  >&5
configure:3534: $? = 0
configure:3543: result: yes
configure:3557: checking for SDreaddata in -lmfhdf
configure:3582: g++ -o conftest -O3  -fPIC   conftest.cpp -lmfhdf  -ldf -lz -ljpeg -lm -lfftw3 -lstdc++  >&5
configure:3582: $? = 0
configure:3591: result: yes
configure:3779: checking for TIFFOpen in -ltiff
configure:3804: g++ -o conftest -O3  -fPIC   conftest.cpp -ltiff  -lmfhdf -ldf -lz -ljpeg -lm -lfftw3 -lstdc++  >&5
configure:3804: $? = 0
configure:3813: result: yes
configure:3833: checking tiffio.h usability
configure:3833: g++ -c -O3  -fPIC  conftest.cpp >&5
configure:3833: $? = 0
configure:3833: result: yes
configure:3833: checking tiffio.h presence
configure:3833: g++ -E  conftest.cpp
configure:3833: $? = 0
configure:3833: result: yes
configure:3833: checking for tiffio.h
configure:3833: result: yes
configure:3857: checking for pow
configure:3857: g++ -o conftest -O3  -fPIC   conftest.cpp -ltiff -lmfhdf -ldf -lz -ljpeg -lm -lfftw3 -lstdc++  >&5
configure:3857: $? = 0
configure:3857: result: yes
configure:3857: checking for sqrt
configure:3857: g++ -o conftest -O3  -fPIC   conftest.cpp -ltiff -lmfhdf -ldf -lz -ljpeg -lm -lfftw3 -lstdc++  >&5
configure:3857: $? = 0
configure:3857: result: yes
configure:4014: creating ./config.status

## ---------------------- ##
## Running config.status. ##
## ---------------------- ##

This file was extended by CXS_Software config.status 0.0, which was
generated by GNU Autoconf 2.65.  Invocation command line was

  CONFIG_FILES    = 
  CONFIG_HEADERS  = 
  CONFIG_LINKS    = 
  CONFIG_COMMANDS = 
  $ ./config.status 

on hp

config.status:735: creating Makefile
config.status:735: creating examples/Makefile
config.status:735: creating src/Makefile
config.status:735: creating tools/Makefile
config.status:735: creating interfaces/idl/Makefile

## ---------------- ##
## Cache variables. ##
## ---------------- ##

ac_cv_cxx_compiler_gnu=yes
ac_cv_env_CCC_set=
ac_cv_env_CCC_value=
ac_cv_env_CPPFLAGS_set=
ac_cv_env_CPPFLAGS_value=
ac_cv_env_CXXCPP_set=
ac_cv_env_CXXCPP_value=
ac_cv_env_CXXFLAGS_set=set
ac_cv_env_CXXFLAGS_value=' -fPIC'
ac_cv_env_CXX_set=
ac_cv_env_CXX_value=
ac_cv_env_LDFLAGS_set=
ac_cv_env_LDFLAGS_value=
ac_cv_env_LIBS_set=
ac_cv_env_LIBS_value=
ac_cv_env_build_alias_set=
ac_cv_env_build_alias_value=
ac_cv_env_host_alias_set=
ac_cv_env_host_alias_value=
ac_cv_env_target_alias_set=
ac_cv_env_target_alias_value=
ac_cv_func_pow=yes
ac_cv_func_sqrt=yes
ac_cv_header_fftw3_h=yes
ac_cv_header_hdf_mfhdf_h=yes
ac_cv_header_inttypes_h=yes
ac_cv_header_memory_h=yes
ac_cv_header_mfhdf_h=no
ac_cv_header_stdc=yes
ac_cv_header_stdint_h=yes
ac_cv_header_stdlib_h=yes
ac_cv_header_string_h=yes
ac_cv_header_strings_h=yes
ac_cv_header_sys_stat_h=yes
ac_cv_header_sys_types_h=yes
ac_cv_header_tiffio_h=yes
ac_cv_header_unistd_h=yes
ac_cv_lib_df_main=yes
ac_cv_lib_fftw3_fftw_plan_dft_2d=yes
ac_cv_lib_jpeg_main=yes
ac_cv_lib_m_main=yes
ac_cv_lib_mfhdf_SDreaddata=yes
ac_cv_lib_stdcpp_main=yes
ac_cv_lib_sz_main=no
ac_cv_lib_tiff_TIFFOpen=yes
ac_cv_lib_z_main=yes
ac_cv_objext=o
ac_cv_path_EGREP='/bin/grep -E'
ac_cv_path_GREP=/bin/grep
ac_cv_prog_CXXCPP='g++ -E'
ac_cv_prog_ac_ct_CXX=g++
ac_cv_prog_cxx_g=yes
ac_cv_prog_make_make_set=yes

## ----------------- ##
## Output variables. ##
## ----------------- ##

BASE='/home/hwittler/TW/CODE/cxs_software'
CPPFLAGS=''
CXX='g++'
CXXCPP='g++ -E'
CXXFLAGS='-O3  -fPIC'
DEFS='-DPACKAGE_NAME=\"CXS_Software\" -DPACKAGE_TARNAME=\"cxs_software\" -DPACKAGE_VERSION=\"0.0\" -DPACKAGE_STRING=\"CXS_Software\ 0.0\" -DPACKAGE_BUGREPORT=\"Nadia\ Davidson\ \<nadiamd@unimelb.edu.au\>\" -DPACKAGE_URL=\"\" -DHAVE_LIBSTDC__=1 -DSTDC_HEADERS=1 -DHAVE_SYS_TYPES_H=1 -DHAVE_SYS_STAT_H=1 -DHAVE_STDLIB_H=1 -DHAVE_STRING_H=1 -DHAVE_MEMORY_H=1 -DHAVE_STRINGS_H=1 -DHAVE_INTTYPES_H=1 -DHAVE_STDINT_H=1 -DHAVE_UNISTD_H=1 -DHAVE_LIBFFTW3=1 -DHAVE_LIBM=1 -DHAVE_HDF_MFHDF_H=1 -DHAVE_LIBJPEG=1 -DHAVE_LIBZ=1 -DHAVE_LIBDF=1 -DHAVE_LIBMFHDF=1 -DHAVE_LIBTIFF=1 -DHAVE_POW=1 -DHAVE_SQRT=1'
ECHO_C=''
ECHO_N='-n'
ECHO_T=''
EGREP='/bin/grep -E'
EXEEXT=''
GREP='/bin/grep'
LDFLAGS=''
LD_RUN_PATH=''
LIBOBJS=''
LIBS='-ltiff -lmfhdf -ldf -lz -ljpeg -lm -lfftw3 -lstdc++ '
LTLIBOBJS=''
OBJEXT='o'
PACKAGE_BUGREPORT='Nadia Davidson <nadiamd@unimelb.edu.au>'
PACKAGE_NAME='CXS_Software'
PACKAGE_STRING='CXS_Software 0.0'
PACKAGE_TARNAME='cxs_software'
PACKAGE_URL=''
PACKAGE_VERSION='0.0'
PATH_SEPARATOR=':'
SET_MAKE=''
SHELL='/bin/bash'
ac_ct_CXX='g++'
bindir='${exec_prefix}/bin'
build_alias=''
datadir='${datarootdir}'
datarootdir='${prefix}/share'
do_idl='DO_IDL=TRUE'
docdir='${datarootdir}/doc/${PACKAGE_TARNAME}'
dvidir='${docdir}'
exec_prefix='${prefix}'
host_alias=''
htmldir='${docdir}'
includedir='${prefix}/include'
infodir='${datarootdir}/info'
libdir='${exec_prefix}/lib'
libexecdir='${exec_prefix}/libexec'
localedir='${datarootdir}/locale'
localstatedir='${prefix}/var'
mandir='${datarootdir}/man'
oldincludedir='/usr/include'
pdfdir='${docdir}'
prefix='/usr/local'
program_transform_name='s,x,x,'
psdir='${docdir}'
sbindir='${exec_prefix}/sbin'
sharedstatedir='${prefix}/com'
sysconfdir='${prefix}/etc'
target_alias=''

## ----------- ##
## confdefs.h. ##
## ----------- ##

/* confdefs.h */
#define PACKAGE_NAME "CXS_Software"
#define PACKAGE_TARNAME "cxs_software"
#define PACKAGE_VERSION "0.0"
#define PACKAGE_STRING "CXS_Software 0.0"
#define PACKAGE_BUGREPORT "Nadia Davidson <nadiamd@unimelb.edu.au>"
#define PACKAGE_URL ""
#define HAVE_LIBSTDC__ 1
#define STDC_HEADERS 1
#define HAVE_SYS_TYPES_H 1
#define HAVE_SYS_STAT_H 1
#define HAVE_STDLIB_H 1
#define HAVE_STRING_H 1
#define HAVE_MEMORY_H 1
#define HAVE_STRINGS_H 1
#define HAVE_INTTYPES_H 1
#define HAVE_STDINT_H 1
#define HAVE_UNISTD_H 1
#define HAVE_LIBFFTW3 1
#define HAVE_LIBM 1
#define HAVE_HDF_MFHDF_H 1
#define HAVE_LIBJPEG 1
#define HAVE_LIBZ 1
#define HAVE_LIBDF 1
#define HAVE_LIBMFHDF 1
#define HAVE_LIBTIFF 1
#define HAVE_POW 1
#define HAVE_SQRT 1

configure: exit 0
